<?xml version="1.0" encoding="UTF-8"?>
<testsuite name="org.chennuru.n26.challenge.business.service.TransactionServiceTest" time="0.001" tests="3" errors="2" skipped="0" failures="0">
  <properties>
    <property name="java.runtime.name" value="Java(TM) SE Runtime Environment"/>
    <property name="sun.boot.library.path" value="C:\Program Files\Java\jdk1.8.0_201\jre\bin"/>
    <property name="java.vm.version" value="25.201-b09"/>
    <property name="java.vm.vendor" value="Oracle Corporation"/>
    <property name="maven.multiModuleProjectDirectory" value="C:\Users\user\Desktop\chen23\n26-challenge"/>
    <property name="java.vendor.url" value="http://java.oracle.com/"/>
    <property name="path.separator" value=";"/>
    <property name="guice.disable.misplaced.annotation.check" value="true"/>
    <property name="java.vm.name" value="Java HotSpot(TM) 64-Bit Server VM"/>
    <property name="file.encoding.pkg" value="sun.io"/>
    <property name="user.script" value=""/>
    <property name="user.country" value="US"/>
    <property name="sun.java.launcher" value="SUN_STANDARD"/>
    <property name="sun.os.patch.level" value=""/>
    <property name="java.vm.specification.name" value="Java Virtual Machine Specification"/>
    <property name="user.dir" value="C:\Users\user\Desktop\chen23\n26-challenge"/>
    <property name="java.runtime.version" value="1.8.0_201-b09"/>
    <property name="java.awt.graphicsenv" value="sun.awt.Win32GraphicsEnvironment"/>
    <property name="java.endorsed.dirs" value="C:\Program Files\Java\jdk1.8.0_201\jre\lib\endorsed"/>
    <property name="os.arch" value="amd64"/>
    <property name="java.io.tmpdir" value="C:\Users\user\AppData\Local\Temp\"/>
    <property name="line.separator" value="&#10;"/>
    <property name="java.vm.specification.vendor" value="Oracle Corporation"/>
    <property name="user.variant" value=""/>
    <property name="os.name" value="Windows 10"/>
    <property name="classworlds.conf" value="G:\eureka\gs-service-registration-and-discovery\.metadata\.plugins\org.eclipse.m2e.launching\launches\m2conf3961502192700951823.tmp"/>
    <property name="sun.jnu.encoding" value="Cp1252"/>
    <property name="java.library.path" value="C:\Program Files\Java\jdk1.8.0_201\bin;C:\Windows\Sun\Java\bin;C:\Windows\system32;C:\Windows;C:/Program Files/Java/jre1.8.0_201/bin/server;C:/Program Files/Java/jre1.8.0_201/bin;C:/Program Files/Java/jre1.8.0_201/lib/amd64;C:\Program Files (x86)\Common Files\Oracle\Java\javapath;C:\Windows\system32;C:\Windows;C:\Windows\System32\Wbem;C:\Windows\System32\WindowsPowerShell\v1.0\;JAVA_HOME\bin;C:\Program Files\Git\cmd;C:\Users\user\AppData\Local\Microsoft\WindowsApps;;D:\sts-bundle\sts-3.9.7.RELEASE;;."/>
    <property name="java.specification.name" value="Java Platform API Specification"/>
    <property name="java.class.version" value="52.0"/>
    <property name="sun.management.compiler" value="HotSpot 64-Bit Tiered Compilers"/>
    <property name="os.version" value="10.0"/>
    <property name="user.home" value="C:\Users\user"/>
    <property name="user.timezone" value="Asia/Calcutta"/>
    <property name="java.awt.printerjob" value="sun.awt.windows.WPrinterJob"/>
    <property name="java.specification.version" value="1.8"/>
    <property name="file.encoding" value="Cp1252"/>
    <property name="user.name" value="user"/>
    <property name="java.class.path" value="D:\sts-bundle\sts-3.9.7.RELEASE\plugins\org.eclipse.m2e.maven.runtime_1.10.0.20181127-2120\jars\plexus-classworlds-2.5.2.jar"/>
    <property name="java.vm.specification.version" value="1.8"/>
    <property name="sun.arch.data.model" value="64"/>
    <property name="java.home" value="C:\Program Files\Java\jdk1.8.0_201\jre"/>
    <property name="sun.java.command" value="org.codehaus.plexus.classworlds.launcher.Launcher -B install"/>
    <property name="java.specification.vendor" value="Oracle Corporation"/>
    <property name="user.language" value="en"/>
    <property name="awt.toolkit" value="sun.awt.windows.WToolkit"/>
    <property name="java.vm.info" value="mixed mode"/>
    <property name="java.version" value="1.8.0_201"/>
    <property name="java.ext.dirs" value="C:\Program Files\Java\jdk1.8.0_201\jre\lib\ext;C:\Windows\Sun\Java\lib\ext"/>
    <property name="sun.boot.class.path" value="C:\Program Files\Java\jdk1.8.0_201\jre\lib\resources.jar;C:\Program Files\Java\jdk1.8.0_201\jre\lib\rt.jar;C:\Program Files\Java\jdk1.8.0_201\jre\lib\sunrsasign.jar;C:\Program Files\Java\jdk1.8.0_201\jre\lib\jsse.jar;C:\Program Files\Java\jdk1.8.0_201\jre\lib\jce.jar;C:\Program Files\Java\jdk1.8.0_201\jre\lib\charsets.jar;C:\Program Files\Java\jdk1.8.0_201\jre\lib\jfr.jar;C:\Program Files\Java\jdk1.8.0_201\jre\classes"/>
    <property name="java.vendor" value="Oracle Corporation"/>
    <property name="maven.home" value="C:\Users\user\Desktop\chen23\n26-challenge\EMBEDDED"/>
    <property name="file.separator" value="\"/>
    <property name="java.vendor.url.bug" value="http://bugreport.sun.com/bugreport/"/>
    <property name="sun.cpu.endian" value="little"/>
    <property name="sun.io.unicode.encoding" value="UnicodeLittle"/>
    <property name="sun.desktop" value="windows"/>
    <property name="sun.cpu.isalist" value="amd64"/>
  </properties>
  <testcase name="processExpired" classname="org.chennuru.n26.challenge.business.service.TransactionServiceTest" time="0.001">
    <error message="Unexpected exception, expected&lt;org.chennuru.n26.challenge.exception.TransactionExpiredException&gt; but was&lt;org.chennuru.n26.challenge.exception.TransactionOutOfFutureWindow&gt;" type="java.lang.Exception"><![CDATA[java.lang.Exception: Unexpected exception, expected<org.chennuru.n26.challenge.exception.TransactionExpiredException> but was<org.chennuru.n26.challenge.exception.TransactionOutOfFutureWindow>
	at org.chennuru.n26.challenge.business.service.impl.StatisticServiceImpl.add(StatisticServiceImpl.java:109)
	at org.chennuru.n26.challenge.business.service.impl.TransactionServiceImpl.process(TransactionServiceImpl.java:26)
	at org.chennuru.n26.challenge.business.service.TransactionServiceTest.processExpired(TransactionServiceTest.java:35)
]]></error>
    <system-out><![CDATA[2019-06-05 15:57:42.919  INFO 7944 --- [           main] .b.t.c.SpringBootTestContextBootstrapper : Neither @ContextConfiguration nor @ContextHierarchy found for test class [org.chennuru.n26.challenge.business.service.TransactionServiceTest], using SpringBootContextLoader
2019-06-05 15:57:42.920  INFO 7944 --- [           main] o.s.t.c.support.AbstractContextLoader    : Could not detect default resource locations for test class [org.chennuru.n26.challenge.business.service.TransactionServiceTest]: no resource found for suffixes {-context.xml, Context.groovy}.
2019-06-05 15:57:42.921  INFO 7944 --- [           main] t.c.s.AnnotationConfigContextLoaderUtils : Could not detect default configuration classes for test class [org.chennuru.n26.challenge.business.service.TransactionServiceTest]: TransactionServiceTest does not declare any static, non-private, non-final, nested classes annotated with @Configuration.
2019-06-05 15:57:42.928  INFO 7944 --- [           main] .b.t.c.SpringBootTestContextBootstrapper : Found @SpringBootConfiguration org.chennuru.n26.challenge.ChallengeServiceApplication for test class org.chennuru.n26.challenge.business.service.TransactionServiceTest
2019-06-05 15:57:42.939  INFO 7944 --- [           main] .b.t.c.SpringBootTestContextBootstrapper : Loaded default TestExecutionListener class names from location [META-INF/spring.factories]: [org.springframework.boot.test.mock.mockito.MockitoTestExecutionListener, org.springframework.boot.test.mock.mockito.ResetMocksTestExecutionListener, org.springframework.boot.test.autoconfigure.restdocs.RestDocsTestExecutionListener, org.springframework.boot.test.autoconfigure.web.client.MockRestServiceServerResetTestExecutionListener, org.springframework.boot.test.autoconfigure.web.servlet.MockMvcPrintOnlyOnFailureTestExecutionListener, org.springframework.boot.test.autoconfigure.web.servlet.WebDriverTestExecutionListener, org.springframework.test.context.web.ServletTestExecutionListener, org.springframework.test.context.support.DirtiesContextBeforeModesTestExecutionListener, org.springframework.test.context.support.DependencyInjectionTestExecutionListener, org.springframework.test.context.support.DirtiesContextTestExecutionListener, org.springframework.test.context.transaction.TransactionalTestExecutionListener, org.springframework.test.context.jdbc.SqlScriptsTestExecutionListener]
2019-06-05 15:57:42.962  INFO 7944 --- [           main] .b.t.c.SpringBootTestContextBootstrapper : Could not instantiate TestExecutionListener [org.springframework.test.context.jdbc.SqlScriptsTestExecutionListener]. Specify custom listener classes or make the default listener classes (and their required dependencies) available. Offending class: [org/springframework/transaction/interceptor/TransactionAttribute]
2019-06-05 15:57:42.963  INFO 7944 --- [           main] .b.t.c.SpringBootTestContextBootstrapper : Could not instantiate TestExecutionListener [org.springframework.test.context.transaction.TransactionalTestExecutionListener]. Specify custom listener classes or make the default listener classes (and their required dependencies) available. Offending class: [org/springframework/transaction/interceptor/TransactionAttributeSource]
2019-06-05 15:57:42.963  INFO 7944 --- [           main] .b.t.c.SpringBootTestContextBootstrapper : Using TestExecutionListeners: [org.springframework.test.context.web.ServletTestExecutionListener@3f362135, org.springframework.test.context.support.DirtiesContextBeforeModesTestExecutionListener@21eee94f, org.springframework.boot.test.autoconfigure.SpringBootDependencyInjectionTestExecutionListener@6bc24e72, org.springframework.test.context.support.DirtiesContextTestExecutionListener@724aefc3, org.springframework.boot.test.mock.mockito.MockitoTestExecutionListener@7cfb4736, org.springframework.boot.test.autoconfigure.web.servlet.WebDriverTestExecutionListener@2a097d77, org.springframework.boot.test.autoconfigure.restdocs.RestDocsTestExecutionListener@53c1179a, org.springframework.boot.test.mock.mockito.ResetMocksTestExecutionListener@7650ded6, org.springframework.boot.test.autoconfigure.web.client.MockRestServiceServerResetTestExecutionListener@5034f5dd, org.springframework.boot.test.autoconfigure.web.servlet.MockMvcPrintOnlyOnFailureTestExecutionListener@31b7d869]
]]></system-out>
  </testcase>
  <testcase name="processOk" classname="org.chennuru.n26.challenge.business.service.TransactionServiceTest" time="0">
    <error type="org.chennuru.n26.challenge.exception.TransactionOutOfFutureWindow:">org.chennuru.n26.challenge.exception.TransactionOutOfFutureWindow: null
	at org.chennuru.n26.challenge.business.service.impl.StatisticServiceImpl.add(StatisticServiceImpl.java:109)
	at org.chennuru.n26.challenge.business.service.impl.TransactionServiceImpl.process(TransactionServiceImpl.java:26)
	at org.chennuru.n26.challenge.business.service.TransactionServiceTest.processOk(TransactionServiceTest.java:55)
</error>
  </testcase>
  <testcase name="processFuture" classname="org.chennuru.n26.challenge.business.service.TransactionServiceTest" time="0"/>
</testsuite>